make all --print-data-base --no-builtin-variables --no-builtin-rules --question
# GNU Make 4.2.1
# Built for x86_64-pc-linux-gnu
# Copyright (C) 1988-2016 Free Software Foundation, Inc.
# License GPLv3+: GNU GPL version 3 or later <http://gnu.org/licenses/gpl.html>
# This is free software: you are free to change and redistribute it.
# There is NO WARRANTY, to the extent permitted by law.

# Make data base, printed on Fri Aug 12 11:53:35 2022

# Variables

# environment
VSCODE_GIT_ASKPASS_MAIN = /usr/share/code/resources/app/extensions/git/dist/askpass-main.js
# automatic
<D = $(patsubst %/,%,$(dir $<))
# automatic
?F = $(notdir $?)
# environment
DESKTOP_SESSION = deepin
# default
.SHELLFLAGS := -c
# environment
XDG_SESSION_CLASS = user
# environment
XDG_SESSION_TYPE = x11
# automatic
?D = $(patsubst %/,%,$(dir $?))
# automatic
@D = $(patsubst %/,%,$(dir $@))
# environment
XAUTHORITY = /home/rogee/.Xauthority
# environment
GDMSESSION = deepin
# environment
XMODIFIERS = @im=fcitx
# makefile
CURDIR := /home/rogee/Projects/gen
# makefile
SHELL = /bin/sh
# environment
VSCODE_NLS_CONFIG = {"locale":"zh-cn","availableLanguages":{},"_languagePackSupport":true}
# environment
ftp_proxy = http://10.10.10.111:7890
# makefile (from 'Makefile', line 1)
MAKEFILE_LIST :=  Makefile
# automatic
@F = $(notdir $@)
# environment
GIO_LAUNCHED_DESKTOP_FILE = /usr/share/applications/code.desktop
# 'override' directive
GNUMAKEFLAGS := 
# environment
VSCODE_AMD_ENTRYPOINT = vs/workbench/api/node/extensionHostProcess
# environment
AUTOJUMP_SOURCED = 1
# environment
DBUS_SESSION_BUS_ADDRESS = unix:path=/run/user/1000/bus
# environment
QT_SCREEN_SCALE_FACTORS = 1
# environment
QT_LOGGING_RULES = *.debug=false
# environment
CLUTTER_IM_MODULE = fcitx
# environment
VSCODE_CWD = /home/rogee/Projects
# environment
GOPROXY = http://10.10.10.111:8000,direct
# environment
XDG_SESSION_PATH = /org/freedesktop/DisplayManager/Session0
# default
MAKE_HOST := x86_64-pc-linux-gnu
# environment
PATH = /usr/local/go/bin:/home/rogee/.autojump/bin:/usr/local/node/bin:/home/rogee/.gopath/bin:/home/rogee/.autojump/bin:/usr/local/node/bin:/home/rogee/.gopath/bin:/usr/local/bin:/usr/bin:/bin:/usr/local/games:/usr/games:/sbin:/usr/sbin
# environment
GPG_AGENT_INFO = /run/user/1000/gnupg/S.gpg-agent:0:1
# environment
XDG_RUNTIME_DIR = /run/user/1000
# environment
GOPATH = /home/rogee/.gopath
# environment
ELECTRON_RUN_AS_NODE = 1
# default
.FEATURES := target-specific order-only second-expansion else-if shortest-stem undefine oneshell archives jobserver output-sync check-symlink load
# environment
XDG_GREETER_DATA_DIR = /var/lib/lightdm/data/rogee
# environment
XDG_SESSION_DESKTOP = deepin
# environment
SSH_AUTH_SOCK = /run/user/1000/keyring/ssh
# environment
GIO_LAUNCHED_DESKTOP_FILE_PID = 2579858
# automatic
%F = $(notdir $%)
# environment
DISPLAY = :0
# environment
no_proxy = localhost,*.dev.local,*.dev.micro,git.gobies.org,git.baimaohui.net,127.0.0.0/8,::1,localhost;127.*;10.*;172.16.*;172.17.*;172.18.*;172.19.*;172.20.*;172.21.*;172.22.*;172.23.*;172.24.*;172.25.*;172.26.*;172.27.*;172.28.*;172.29.*;172.30.*;172.31.*;192.168.*
# environment
GTK_IM_MODULE = fcitx
# environment
PWD = /home/rogee/Projects/gen
# default
.LOADED := 
# environment
XDG_SEAT = seat0
# environment
ORIGINAL_XDG_CURRENT_DESKTOP = Deepin
# environment
GOMODCACHE = /home/rogee/.gopath/pkg/mod
# environment
HOME = /home/rogee
# environment
XDG_CACHE_HOME = /home/rogee/.cache
# environment
VSCODE_CLI = 1
# environment
VSCODE_CODE_CACHE_PATH = /home/rogee/.config/Code/CachedData/da76f93349a72022ca4670c1b84860304616aaa2
# environment
LOGNAME = rogee
# environment
QT_LINUX_ACCESSIBILITY_ALWAYS_ON = 1
# environment
APPLICATION_INSIGHTS_NO_DIAGNOSTIC_CHANNEL = true
# environment
ELECTRON_NO_ATTACH_CONSOLE = 1
# environment
VSCODE_HANDLES_UNCAUGHT_ERRORS = true
# default
MAKE_VERSION := 4.2.1
# environment
GNOME_DESKTOP_SESSION_ID = this-is-deprecated
# automatic
^D = $(patsubst %/,%,$(dir $^))
# environment
XDG_VTNR = 1
# environment
MAKELEVEL := 0
# environment
VSCODE_GIT_IPC_HANDLE = /run/user/1000/vscode-git-ead4128dbd.sock
# environment
COLORTERM = truecolor
# default
MAKE = $(MAKE_COMMAND)
# default
MAKECMDGOALS := all
# environment
QT_IM_MODULE = fcitx
# environment
OSTYPE = linux-gnu
# environment
SHLVL = 2
# environment
QT_QPA_PLATFORM = xcb
# environment
XDG_SESSION_ID = 2
# environment
USER = rogee
# makefile
.DEFAULT_GOAL := test
# environment
XDG_CURRENT_DESKTOP = Deepin
# environment
GOROOT = /usr/local/go
# automatic
%D = $(patsubst %/,%,$(dir $%))
# default
MAKE_COMMAND := make
# environment
ETCDCTL_API = 3
# environment
VSCODE_GIT_ASKPASS_EXTRA_ARGS = --ms-enable-electron-run-as-node
# environment
TERM_PROGRAM = vscode
# default
.VARIABLES := 
# automatic
*F = $(notdir $*)
# environment
LANGUAGE = zh_CN
# environment
XDG_SEAT_PATH = /org/freedesktop/DisplayManager/Seat0
# environment
VSCODE_IPC_HOOK = /run/user/1000/vscode-65f2e0d3-1.70.0-main.sock
# environment
VSCODE_GIT_ASKPASS_NODE = /usr/share/code/code
# makefile
MAKEFLAGS = pqrR
# environment
MFLAGS = -pqrR
# automatic
*D = $(patsubst %/,%,$(dir $*))
# environment
TERM_PROGRAM_VERSION = 1.70.0
# automatic
+D = $(patsubst %/,%,$(dir $+))
# environment
GDK_BACKEND = x11
# automatic
+F = $(notdir $+)
# environment
NO_AT_BRIDGE = 1
# environment
QT_DBL_CLICK_DIST = 15
# environment
GIT_ASKPASS = /usr/share/code/resources/app/extensions/git/dist/askpass.sh
# default
MAKEFILES := 
# automatic
<F = $(notdir $<)
# environment
https_proxy = http://10.10.10.111:7890
# environment
XDG_CONFIG_HOME = /home/rogee/.config
# environment
LC_ALL = C
# automatic
^F = $(notdir $^)
# environment
XDG_DATA_HOME = /home/rogee/.local/share
# default
SUFFIXES := 
# environment
CHROME_DESKTOP = code-url-handler.desktop
# environment
D_DXCB_FORCE_OVERRIDE_HIDPI = 1
# default
.INCLUDE_DIRS = /usr/include /usr/local/include /usr/include
# default
.RECIPEPREFIX := 
# environment
NODEROOT = /usr/local/node
# environment
AUTOJUMP_ERROR_PATH = /home/rogee/.local/share/autojump/errors.log
# environment
http_proxy = http://10.10.10.111:7890
# environment
LANG = C
# environment
TERM = xterm-256color
# environment
SOCKS_SERVER = socks5://10.10.10.111:7890
# environment
VSCODE_PID = 2579858
# variable set hash-table stats:
# Load=116/1024=11%, Rehash=0, Collisions=13/141=9%

# Pattern-specific Variable Values

# No pattern-specific variable values.

# Directories

# . (device 2049, inode 17838490): 15 files, no impossibilities.

# 15 files, no impossibilities in 1 directories.

# Implicit Rules

# No implicit rules.

# Files

# Not a target:
all:
#  Command line target.
#  Implicit rule search has been done.
#  File does not exist.
#  File has not been updated.

.PHONY: test
#  Implicit rule search has not been done.
#  Modification time never checked.
#  File has not been updated.

# Not a target:
Makefile:
#  Implicit rule search has been done.
#  Last modified 2022-08-12 11:53:17.524175263
#  File has been updated.
 
make: *** No rule to make target 'all'.  Stop.

#  Successfully updated.

test:
#  Phony target (prerequisite of .PHONY).
#  Implicit rule search has not been done.
#  File does not exist.
#  File has not been updated.
#  recipe to execute (from 'Makefile', line 3):
	go test -v .

# Not a target:
.DEFAULT:
#  Implicit rule search has not been done.
#  Modification time never checked.
#  File has not been updated.

# files hash-table stats:
# Load=6/1024=1%, Rehash=0, Collisions=0/18=0%
# VPATH Search Paths

# No 'vpath' search paths.

# No general ('VPATH' variable) search path.

# strcache buffers: 1 (0) / strings = 22 / storage = 191 B / avg = 8 B
# current buf: size = 8162 B / used = 191 B / count = 22 / avg = 8 B

# strcache performance: lookups = 29 / hit rate = 24%
# hash-table stats:
# Load=22/8192=0%, Rehash=0, Collisions=1/29=3%
# Finished Make data base on Fri Aug 12 11:53:35 2022

 
